app/build/intermediates/manifest_merge_blame_file/debug/manifest-merger-blame-debug-report.txt
1<?xml version="1.0" encoding="utf-8"?>
2<manifest xmlns:android="http://schemas.android.com/apk/res/android"
3    package="com.docoding.clickcare"
4    android:versionCode="1"
5    android:versionName="1.0" >
6
7    <uses-sdk
8        android:minSdkVersion="26"
8-->src\main\AndroidManifest.xml
9        android:targetSdkVersion="32" />
9-->src\main\AndroidManifest.xml
10
11    <uses-permission android:name="android.permission.INTERNET" />
11-->src\main\AndroidManifest.xml:5:5-67
11-->src\main\AndroidManifest.xml:5:22-64
12    <uses-permission android:name="android.permission.ACCESS_FINE_LOCATION" />
12-->src\main\AndroidManifest.xml:6:5-79
12-->src\main\AndroidManifest.xml:6:22-76
13    <uses-permission android:name="android.permission.ACCESS_COARSE_LOCATION" />
13-->src\main\AndroidManifest.xml:7:5-81
13-->src\main\AndroidManifest.xml:7:22-78
14
15    <!-- Although the *SdkVersion is captured in gradle build files, this is required for non gradle builds -->
16    <!-- <uses-sdk android:minSdkVersion="14"/> -->
17    <uses-permission android:name="android.permission.ACCESS_NETWORK_STATE" />
17-->[com.google.firebase:firebase-database:20.0.4] AndroidManifest.xml:25:5-79
17-->[com.google.firebase:firebase-database:20.0.4] AndroidManifest.xml:25:22-76
18    <uses-permission android:name="android.permission.WAKE_LOCK" /> <!-- Required by older versions of Google Play services to create IID tokens -->
18-->[com.google.firebase:firebase-messaging:23.0.3] AndroidManifest.xml:26:5-68
18-->[com.google.firebase:firebase-messaging:23.0.3] AndroidManifest.xml:26:22-65
19    <uses-permission android:name="com.google.android.c2dm.permission.RECEIVE" />
19-->[com.google.firebase:firebase-messaging:23.0.3] AndroidManifest.xml:28:5-82
19-->[com.google.firebase:firebase-messaging:23.0.3] AndroidManifest.xml:28:22-79
20
21    <uses-feature
21-->[com.google.android.gms:play-services-maps:18.0.2] AndroidManifest.xml:26:5-28:35
22        android:glEsVersion="0x00020000"
22-->[com.google.android.gms:play-services-maps:18.0.2] AndroidManifest.xml:27:9-41
23        android:required="true" />
23-->[com.google.android.gms:play-services-maps:18.0.2] AndroidManifest.xml:28:9-32
24
25    <queries>
25-->[com.google.android.gms:play-services-maps:18.0.2] AndroidManifest.xml:30:5-34:15
26
27        <!-- Needs to be explicitly declared on Android R+ -->
28        <package android:name="com.google.android.apps.maps" />
28-->[com.google.android.gms:play-services-maps:18.0.2] AndroidManifest.xml:33:9-64
28-->[com.google.android.gms:play-services-maps:18.0.2] AndroidManifest.xml:33:18-61
29    </queries>
30
31    <application
31-->src\main\AndroidManifest.xml:9:5-88:19
32        android:allowBackup="true"
32-->src\main\AndroidManifest.xml:10:9-35
33        android:appComponentFactory="androidx.core.app.CoreComponentFactory"
33-->[androidx.core:core:1.7.0] AndroidManifest.xml:24:18-86
34        android:debuggable="true"
35        android:extractNativeLibs="false"
36        android:icon="@mipmap/ic_launcher"
36-->src\main\AndroidManifest.xml:11:9-43
37        android:label="@string/app_name"
37-->src\main\AndroidManifest.xml:12:9-41
38        android:roundIcon="@mipmap/ic_launcher_round"
38-->src\main\AndroidManifest.xml:13:9-54
39        android:supportsRtl="true"
39-->src\main\AndroidManifest.xml:14:9-35
40        android:testOnly="true"
41        android:theme="@style/Theme.AppCompat.DayNight.NoActionBar"
41-->src\main\AndroidManifest.xml:15:9-68
42        android:usesCleartextTraffic="true" >
42-->src\main\AndroidManifest.xml:16:9-44
43        <activity
43-->src\main\AndroidManifest.xml:17:9-19:40
44            android:name="com.docoding.clickcare.activities.pasien.SettingDoctorActivity"
44-->src\main\AndroidManifest.xml:18:13-68
45            android:exported="false" />
45-->src\main\AndroidManifest.xml:19:13-37
46        <activity
46-->src\main\AndroidManifest.xml:20:9-24:63
47            android:name="com.docoding.clickcare.activities.dokter.ListChatPasienActivityTwo"
47-->src\main\AndroidManifest.xml:21:13-72
48            android:exported="false"
48-->src\main\AndroidManifest.xml:22:13-37
49            android:label=""
49-->src\main\AndroidManifest.xml:23:13-29
50            android:theme="@style/Theme.AppCompat.DayNight" />
50-->src\main\AndroidManifest.xml:24:13-60
51        <activity
51-->src\main\AndroidManifest.xml:25:9-28:58
52            android:name="com.docoding.clickcare.activities.dokter.ChatPasienActivity"
52-->src\main\AndroidManifest.xml:26:13-65
53            android:exported="false"
53-->src\main\AndroidManifest.xml:27:13-37
54            android:windowSoftInputMode="adjustResize" />
54-->src\main\AndroidManifest.xml:28:13-55
55        <activity
55-->src\main\AndroidManifest.xml:29:9-32:58
56            android:name="com.docoding.clickcare.activities.pasien.ChatDoctorActivity"
56-->src\main\AndroidManifest.xml:30:13-65
57            android:exported="false"
57-->src\main\AndroidManifest.xml:31:13-37
58            android:windowSoftInputMode="adjustResize" />
58-->src\main\AndroidManifest.xml:32:13-55
59        <activity
59-->src\main\AndroidManifest.xml:33:9-35:40
60            android:name="com.docoding.clickcare.activities.pasien.ForgotPasswordActivity"
60-->src\main\AndroidManifest.xml:34:13-69
61            android:exported="false" />
61-->src\main\AndroidManifest.xml:35:13-37
62        <activity
62-->src\main\AndroidManifest.xml:36:9-38:40
63            android:name="com.docoding.clickcare.activities.pasien.AntrianPasienActivity"
63-->src\main\AndroidManifest.xml:37:13-68
64            android:exported="false" />
64-->src\main\AndroidManifest.xml:38:13-37
65        <activity
65-->src\main\AndroidManifest.xml:39:9-41:40
66            android:name="com.docoding.clickcare.activities.pasien.PaymentGatewayActivity"
66-->src\main\AndroidManifest.xml:40:13-69
67            android:exported="false" />
67-->src\main\AndroidManifest.xml:41:13-37
68        <activity
68-->src\main\AndroidManifest.xml:42:9-44:39
69            android:name="com.docoding.clickcare.activities.pasien.InfoAppActivity"
69-->src\main\AndroidManifest.xml:43:13-62
70            android:exported="true" />
70-->src\main\AndroidManifest.xml:44:13-36
71        <activity
71-->src\main\AndroidManifest.xml:45:9-47:39
72            android:name="com.docoding.clickcare.activities.pasien.DetailDoctorActivity"
72-->src\main\AndroidManifest.xml:46:13-67
73            android:exported="true" />
73-->src\main\AndroidManifest.xml:47:13-36
74        <activity
74-->src\main\AndroidManifest.xml:48:9-50:40
75            android:name="com.docoding.clickcare.activities.pasien.DetailRegistrasi"
75-->src\main\AndroidManifest.xml:49:13-63
76            android:exported="false" />
76-->src\main\AndroidManifest.xml:50:13-37
77        <activity
77-->src\main\AndroidManifest.xml:51:9-53:39
78            android:name="com.docoding.clickcare.activities.pasien.RegisterPasienActivity"
78-->src\main\AndroidManifest.xml:52:13-69
79            android:exported="true" />
79-->src\main\AndroidManifest.xml:53:13-36
80        <activity
80-->src\main\AndroidManifest.xml:54:9-56:39
81            android:name="com.docoding.clickcare.activities.pasien.DoctorConsultantActivity"
81-->src\main\AndroidManifest.xml:55:13-71
82            android:exported="true" />
82-->src\main\AndroidManifest.xml:56:13-36
83        <activity
83-->src\main\AndroidManifest.xml:57:9-59:39
84            android:name="com.docoding.clickcare.activities.pasien.HomeActivity"
84-->src\main\AndroidManifest.xml:58:13-59
85            android:exported="true" />
85-->src\main\AndroidManifest.xml:59:13-36
86        <activity
86-->src\main\AndroidManifest.xml:60:9-62:39
87            android:name="com.docoding.clickcare.activities.pasien.RegisterActivity"
87-->src\main\AndroidManifest.xml:61:13-63
88            android:exported="true" />
88-->src\main\AndroidManifest.xml:62:13-36
89        <activity
89-->src\main\AndroidManifest.xml:63:9-66:20
90            android:name="com.docoding.clickcare.activities.pasien.LoginActivity"
90-->src\main\AndroidManifest.xml:64:13-60
91            android:exported="true" >
91-->src\main\AndroidManifest.xml:65:13-36
92        </activity>
93        <activity
93-->src\main\AndroidManifest.xml:67:9-69:39
94            android:name="com.docoding.clickcare.activities.pasien.OnboardingActivity"
94-->src\main\AndroidManifest.xml:68:13-65
95            android:exported="true" />
95-->src\main\AndroidManifest.xml:69:13-36
96        <activity
96-->src\main\AndroidManifest.xml:70:9-78:20
97            android:name="com.docoding.clickcare.activities.pasien.SplashScreen"
97-->src\main\AndroidManifest.xml:71:13-59
98            android:exported="true" >
98-->src\main\AndroidManifest.xml:72:13-36
99            <intent-filter>
99-->src\main\AndroidManifest.xml:73:13-77:29
100                <action android:name="android.intent.action.MAIN" />
100-->src\main\AndroidManifest.xml:74:17-69
100-->src\main\AndroidManifest.xml:74:25-66
101
102                <category android:name="android.intent.category.LAUNCHER" />
102-->src\main\AndroidManifest.xml:76:17-77
102-->src\main\AndroidManifest.xml:76:27-74
103            </intent-filter>
104        </activity>
105
106        <service android:name="com.docoding.clickcare.services.FetchAddressIntentService" />
106-->src\main\AndroidManifest.xml:80:9-71
106-->src\main\AndroidManifest.xml:80:18-68
107        <service
107-->src\main\AndroidManifest.xml:81:9-87:19
108            android:name="com.docoding.clickcare.services.MessagingService"
108-->src\main\AndroidManifest.xml:82:13-54
109            android:exported="false" >
109-->src\main\AndroidManifest.xml:83:13-37
110            <intent-filter>
110-->src\main\AndroidManifest.xml:84:13-86:29
111                <action android:name="com.google.firebase.MESSAGING_EVENT" />
111-->src\main\AndroidManifest.xml:85:17-78
111-->src\main\AndroidManifest.xml:85:25-75
112            </intent-filter>
113        </service>
114        <service
114-->[com.google.firebase:firebase-database:20.0.4] AndroidManifest.xml:29:9-35:19
115            android:name="com.google.firebase.components.ComponentDiscoveryService"
115-->[com.google.firebase:firebase-database:20.0.4] AndroidManifest.xml:30:13-84
116            android:directBootAware="true"
116-->[com.google.firebase:firebase-common:20.1.0] AndroidManifest.xml:35:13-43
117            android:exported="false" >
117-->[com.google.firebase:firebase-database:20.0.4] AndroidManifest.xml:31:13-37
118            <meta-data
118-->[com.google.firebase:firebase-database:20.0.4] AndroidManifest.xml:32:13-34:85
119                android:name="com.google.firebase.components:com.google.firebase.database.DatabaseRegistrar"
119-->[com.google.firebase:firebase-database:20.0.4] AndroidManifest.xml:33:17-109
120                android:value="com.google.firebase.components.ComponentRegistrar" />
120-->[com.google.firebase:firebase-database:20.0.4] AndroidManifest.xml:34:17-82
121            <meta-data
121-->[com.google.firebase:firebase-storage:20.0.1] AndroidManifest.xml:33:13-35:85
122                android:name="com.google.firebase.components:com.google.firebase.storage.StorageRegistrar"
122-->[com.google.firebase:firebase-storage:20.0.1] AndroidManifest.xml:34:17-107
123                android:value="com.google.firebase.components.ComponentRegistrar" />
123-->[com.google.firebase:firebase-storage:20.0.1] AndroidManifest.xml:35:17-82
124            <meta-data
124-->[com.google.firebase:firebase-messaging:23.0.3] AndroidManifest.xml:55:13-57:85
125                android:name="com.google.firebase.components:com.google.firebase.messaging.FirebaseMessagingRegistrar"
125-->[com.google.firebase:firebase-messaging:23.0.3] AndroidManifest.xml:56:17-119
126                android:value="com.google.firebase.components.ComponentRegistrar" />
126-->[com.google.firebase:firebase-messaging:23.0.3] AndroidManifest.xml:57:17-82
127            <meta-data
127-->[com.google.firebase:firebase-auth:21.0.3] AndroidManifest.xml:67:13-69:85
128                android:name="com.google.firebase.components:com.google.firebase.auth.FirebaseAuthRegistrar"
128-->[com.google.firebase:firebase-auth:21.0.3] AndroidManifest.xml:68:17-109
129                android:value="com.google.firebase.components.ComponentRegistrar" />
129-->[com.google.firebase:firebase-auth:21.0.3] AndroidManifest.xml:69:17-82
130            <meta-data
130-->[com.google.firebase:firebase-firestore:24.1.1] AndroidManifest.xml:20:13-22:85
131                android:name="com.google.firebase.components:com.google.firebase.firestore.FirestoreRegistrar"
131-->[com.google.firebase:firebase-firestore:24.1.1] AndroidManifest.xml:21:17-111
132                android:value="com.google.firebase.components.ComponentRegistrar" />
132-->[com.google.firebase:firebase-firestore:24.1.1] AndroidManifest.xml:22:17-82
133            <meta-data
133-->[com.google.firebase:firebase-datatransport:18.1.2] AndroidManifest.xml:28:13-30:85
134                android:name="com.google.firebase.components:com.google.firebase.datatransport.TransportRegistrar"
134-->[com.google.firebase:firebase-datatransport:18.1.2] AndroidManifest.xml:29:17-115
135                android:value="com.google.firebase.components.ComponentRegistrar" />
135-->[com.google.firebase:firebase-datatransport:18.1.2] AndroidManifest.xml:30:17-82
136            <meta-data
136-->[com.google.firebase:firebase-installations:17.0.1] AndroidManifest.xml:18:13-20:85
137                android:name="com.google.firebase.components:com.google.firebase.installations.FirebaseInstallationsRegistrar"
137-->[com.google.firebase:firebase-installations:17.0.1] AndroidManifest.xml:19:17-127
138                android:value="com.google.firebase.components.ComponentRegistrar" />
138-->[com.google.firebase:firebase-installations:17.0.1] AndroidManifest.xml:20:17-82
139        </service>
140
141        <receiver
141-->[com.google.firebase:firebase-messaging:23.0.3] AndroidManifest.xml:31:9-38:20
142            android:name="com.google.firebase.iid.FirebaseInstanceIdReceiver"
142-->[com.google.firebase:firebase-messaging:23.0.3] AndroidManifest.xml:32:13-78
143            android:exported="true"
143-->[com.google.firebase:firebase-messaging:23.0.3] AndroidManifest.xml:33:13-36
144            android:permission="com.google.android.c2dm.permission.SEND" >
144-->[com.google.firebase:firebase-messaging:23.0.3] AndroidManifest.xml:34:13-73
145            <intent-filter>
145-->[com.google.firebase:firebase-messaging:23.0.3] AndroidManifest.xml:35:13-37:29
146                <action android:name="com.google.android.c2dm.intent.RECEIVE" />
146-->[com.google.firebase:firebase-messaging:23.0.3] AndroidManifest.xml:36:17-81
146-->[com.google.firebase:firebase-messaging:23.0.3] AndroidManifest.xml:36:25-78
147            </intent-filter>
148        </receiver>
149        <!--
150             FirebaseMessagingService performs security checks at runtime,
151             but set to not exported to explicitly avoid allowing another app to call it.
152        -->
153        <service
153-->[com.google.firebase:firebase-messaging:23.0.3] AndroidManifest.xml:44:9-51:19
154            android:name="com.google.firebase.messaging.FirebaseMessagingService"
154-->[com.google.firebase:firebase-messaging:23.0.3] AndroidManifest.xml:45:13-82
155            android:directBootAware="true"
155-->[com.google.firebase:firebase-messaging:23.0.3] AndroidManifest.xml:46:13-43
156            android:exported="false" >
156-->[com.google.firebase:firebase-messaging:23.0.3] AndroidManifest.xml:47:13-37
157            <intent-filter android:priority="-500" >
157-->src\main\AndroidManifest.xml:84:13-86:29
158                <action android:name="com.google.firebase.MESSAGING_EVENT" />
158-->src\main\AndroidManifest.xml:85:17-78
158-->src\main\AndroidManifest.xml:85:25-75
159            </intent-filter>
160        </service>
161
162        <activity
162-->[com.google.firebase:firebase-auth:21.0.3] AndroidManifest.xml:27:9-44:20
163            android:name="com.google.firebase.auth.internal.GenericIdpActivity"
163-->[com.google.firebase:firebase-auth:21.0.3] AndroidManifest.xml:28:13-80
164            android:excludeFromRecents="true"
164-->[com.google.firebase:firebase-auth:21.0.3] AndroidManifest.xml:29:13-46
165            android:exported="true"
165-->[com.google.firebase:firebase-auth:21.0.3] AndroidManifest.xml:30:13-36
166            android:launchMode="singleTask"
166-->[com.google.firebase:firebase-auth:21.0.3] AndroidManifest.xml:31:13-44
167            android:theme="@android:style/Theme.Translucent.NoTitleBar" >
167-->[com.google.firebase:firebase-auth:21.0.3] AndroidManifest.xml:32:13-72
168            <intent-filter>
168-->[com.google.firebase:firebase-auth:21.0.3] AndroidManifest.xml:33:13-43:29
169                <action android:name="android.intent.action.VIEW" />
169-->[com.google.firebase:firebase-auth:21.0.3] AndroidManifest.xml:34:17-69
169-->[com.google.firebase:firebase-auth:21.0.3] AndroidManifest.xml:34:25-66
170
171                <category android:name="android.intent.category.DEFAULT" />
171-->[com.google.firebase:firebase-auth:21.0.3] AndroidManifest.xml:36:17-76
171-->[com.google.firebase:firebase-auth:21.0.3] AndroidManifest.xml:36:27-73
172                <category android:name="android.intent.category.BROWSABLE" />
172-->[com.google.firebase:firebase-auth:21.0.3] AndroidManifest.xml:37:17-78
172-->[com.google.firebase:firebase-auth:21.0.3] AndroidManifest.xml:37:27-75
173
174                <data
174-->[com.google.firebase:firebase-auth:21.0.3] AndroidManifest.xml:39:17-42:51
175                    android:host="firebase.auth"
175-->[com.google.firebase:firebase-auth:21.0.3] AndroidManifest.xml:40:21-49
176                    android:path="/"
176-->[com.google.firebase:firebase-auth:21.0.3] AndroidManifest.xml:41:21-37
177                    android:scheme="genericidp" />
177-->[com.google.firebase:firebase-auth:21.0.3] AndroidManifest.xml:42:21-48
178            </intent-filter>
179        </activity>
180        <activity
180-->[com.google.firebase:firebase-auth:21.0.3] AndroidManifest.xml:45:9-62:20
181            android:name="com.google.firebase.auth.internal.RecaptchaActivity"
181-->[com.google.firebase:firebase-auth:21.0.3] AndroidManifest.xml:46:13-79
182            android:excludeFromRecents="true"
182-->[com.google.firebase:firebase-auth:21.0.3] AndroidManifest.xml:47:13-46
183            android:exported="true"
183-->[com.google.firebase:firebase-auth:21.0.3] AndroidManifest.xml:48:13-36
184            android:launchMode="singleTask"
184-->[com.google.firebase:firebase-auth:21.0.3] AndroidManifest.xml:49:13-44
185            android:theme="@android:style/Theme.Translucent.NoTitleBar" >
185-->[com.google.firebase:firebase-auth:21.0.3] AndroidManifest.xml:50:13-72
186            <intent-filter>
186-->[com.google.firebase:firebase-auth:21.0.3] AndroidManifest.xml:51:13-61:29
187                <action android:name="android.intent.action.VIEW" />
187-->[com.google.firebase:firebase-auth:21.0.3] AndroidManifest.xml:34:17-69
187-->[com.google.firebase:firebase-auth:21.0.3] AndroidManifest.xml:34:25-66
188
189                <category android:name="android.intent.category.DEFAULT" />
189-->[com.google.firebase:firebase-auth:21.0.3] AndroidManifest.xml:36:17-76
189-->[com.google.firebase:firebase-auth:21.0.3] AndroidManifest.xml:36:27-73
190                <category android:name="android.intent.category.BROWSABLE" />
190-->[com.google.firebase:firebase-auth:21.0.3] AndroidManifest.xml:37:17-78
190-->[com.google.firebase:firebase-auth:21.0.3] AndroidManifest.xml:37:27-75
191
192                <data
192-->[com.google.firebase:firebase-auth:21.0.3] AndroidManifest.xml:39:17-42:51
193                    android:host="firebase.auth"
193-->[com.google.firebase:firebase-auth:21.0.3] AndroidManifest.xml:40:21-49
194                    android:path="/"
194-->[com.google.firebase:firebase-auth:21.0.3] AndroidManifest.xml:41:21-37
195                    android:scheme="recaptcha" />
195-->[com.google.firebase:firebase-auth:21.0.3] AndroidManifest.xml:42:21-48
196            </intent-filter>
197        </activity>
198
199        <provider
199-->[com.squareup.picasso:picasso:2.71828] AndroidManifest.xml:8:9-11:40
200            android:name="com.squareup.picasso.PicassoProvider"
200-->[com.squareup.picasso:picasso:2.71828] AndroidManifest.xml:9:13-64
201            android:authorities="com.docoding.clickcare.com.squareup.picasso"
201-->[com.squareup.picasso:picasso:2.71828] AndroidManifest.xml:10:13-72
202            android:exported="false" />
202-->[com.squareup.picasso:picasso:2.71828] AndroidManifest.xml:11:13-37
203
204        <activity
204-->[com.google.android.gms:play-services-auth:19.0.0] AndroidManifest.xml:23:9-27:75
205            android:name="com.google.android.gms.auth.api.signin.internal.SignInHubActivity"
205-->[com.google.android.gms:play-services-auth:19.0.0] AndroidManifest.xml:24:13-93
206            android:excludeFromRecents="true"
206-->[com.google.android.gms:play-services-auth:19.0.0] AndroidManifest.xml:25:13-46
207            android:exported="false"
207-->[com.google.android.gms:play-services-auth:19.0.0] AndroidManifest.xml:26:13-37
208            android:theme="@android:style/Theme.Translucent.NoTitleBar" />
208-->[com.google.android.gms:play-services-auth:19.0.0] AndroidManifest.xml:27:13-72
209        <!--
210            Service handling Google Sign-In user revocation. For apps that do not integrate with
211            Google Sign-In, this service will never be started.
212        -->
213        <service
213-->[com.google.android.gms:play-services-auth:19.0.0] AndroidManifest.xml:33:9-37:51
214            android:name="com.google.android.gms.auth.api.signin.RevocationBoundService"
214-->[com.google.android.gms:play-services-auth:19.0.0] AndroidManifest.xml:34:13-89
215            android:exported="true"
215-->[com.google.android.gms:play-services-auth:19.0.0] AndroidManifest.xml:35:13-36
216            android:permission="com.google.android.gms.auth.api.signin.permission.REVOCATION_NOTIFICATION"
216-->[com.google.android.gms:play-services-auth:19.0.0] AndroidManifest.xml:36:13-107
217            android:visibleToInstantApps="true" /> <!-- Needs to be explicitly declared on P+ -->
217-->[com.google.android.gms:play-services-auth:19.0.0] AndroidManifest.xml:37:13-48
218        <uses-library
218-->[com.google.android.gms:play-services-maps:18.0.2] AndroidManifest.xml:39:9-41:40
219            android:name="org.apache.http.legacy"
219-->[com.google.android.gms:play-services-maps:18.0.2] AndroidManifest.xml:40:13-50
220            android:required="false" />
220-->[com.google.android.gms:play-services-maps:18.0.2] AndroidManifest.xml:41:13-37
221
222        <service
222-->[com.google.android.datatransport:transport-backend-cct:3.1.3] AndroidManifest.xml:29:9-35:19
223            android:name="com.google.android.datatransport.runtime.backends.TransportBackendDiscovery"
223-->[com.google.android.datatransport:transport-backend-cct:3.1.3] AndroidManifest.xml:30:13-103
224            android:exported="false" >
224-->[com.google.android.datatransport:transport-backend-cct:3.1.3] AndroidManifest.xml:31:13-37
225            <meta-data
225-->[com.google.android.datatransport:transport-backend-cct:3.1.3] AndroidManifest.xml:32:13-34:39
226                android:name="backend:com.google.android.datatransport.cct.CctBackendFactory"
226-->[com.google.android.datatransport:transport-backend-cct:3.1.3] AndroidManifest.xml:33:17-94
227                android:value="cct" />
227-->[com.google.android.datatransport:transport-backend-cct:3.1.3] AndroidManifest.xml:34:17-36
228        </service>
229        <service
229-->[com.google.android.datatransport:transport-runtime:3.1.3] AndroidManifest.xml:26:9-30:19
230            android:name="com.google.android.datatransport.runtime.scheduling.jobscheduling.JobInfoSchedulerService"
230-->[com.google.android.datatransport:transport-runtime:3.1.3] AndroidManifest.xml:27:13-117
231            android:exported="false"
231-->[com.google.android.datatransport:transport-runtime:3.1.3] AndroidManifest.xml:28:13-37
232            android:permission="android.permission.BIND_JOB_SERVICE" >
232-->[com.google.android.datatransport:transport-runtime:3.1.3] AndroidManifest.xml:29:13-69
233        </service>
234
235        <receiver
235-->[com.google.android.datatransport:transport-runtime:3.1.3] AndroidManifest.xml:32:9-34:40
236            android:name="com.google.android.datatransport.runtime.scheduling.jobscheduling.AlarmManagerSchedulerBroadcastReceiver"
236-->[com.google.android.datatransport:transport-runtime:3.1.3] AndroidManifest.xml:33:13-132
237            android:exported="false" />
237-->[com.google.android.datatransport:transport-runtime:3.1.3] AndroidManifest.xml:34:13-37
238
239        <provider
239-->[com.google.firebase:firebase-common:20.1.0] AndroidManifest.xml:26:9-31:39
240            android:name="com.google.firebase.provider.FirebaseInitProvider"
240-->[com.google.firebase:firebase-common:20.1.0] AndroidManifest.xml:27:13-77
241            android:authorities="com.docoding.clickcare.firebaseinitprovider"
241-->[com.google.firebase:firebase-common:20.1.0] AndroidManifest.xml:28:13-72
242            android:directBootAware="true"
242-->[com.google.firebase:firebase-common:20.1.0] AndroidManifest.xml:29:13-43
243            android:exported="false"
243-->[com.google.firebase:firebase-common:20.1.0] AndroidManifest.xml:30:13-37
244            android:initOrder="100" />
244-->[com.google.firebase:firebase-common:20.1.0] AndroidManifest.xml:31:13-36
245
246        <activity
246-->[com.google.android.gms:play-services-base:18.0.1] AndroidManifest.xml:20:9-22:45
247            android:name="com.google.android.gms.common.api.GoogleApiActivity"
247-->[com.google.android.gms:play-services-base:18.0.1] AndroidManifest.xml:20:19-85
248            android:exported="false"
248-->[com.google.android.gms:play-services-base:18.0.1] AndroidManifest.xml:22:19-43
249            android:theme="@android:style/Theme.Translucent.NoTitleBar" />
249-->[com.google.android.gms:play-services-base:18.0.1] AndroidManifest.xml:21:19-78
250
251        <meta-data
251-->[com.google.android.gms:play-services-basement:18.0.0] AndroidManifest.xml:21:9-23:69
252            android:name="com.google.android.gms.version"
252-->[com.google.android.gms:play-services-basement:18.0.0] AndroidManifest.xml:22:13-58
253            android:value="@integer/google_play_services_version" />
253-->[com.google.android.gms:play-services-basement:18.0.0] AndroidManifest.xml:23:13-66
254
255        <provider
255-->[androidx.emoji2:emoji2:1.0.0] AndroidManifest.xml:26:9-34:20
256            android:name="androidx.startup.InitializationProvider"
256-->[androidx.emoji2:emoji2:1.0.0] AndroidManifest.xml:27:13-67
257            android:authorities="com.docoding.clickcare.androidx-startup"
257-->[androidx.emoji2:emoji2:1.0.0] AndroidManifest.xml:28:13-68
258            android:exported="false" >
258-->[androidx.emoji2:emoji2:1.0.0] AndroidManifest.xml:29:13-37
259            <meta-data
259-->[androidx.emoji2:emoji2:1.0.0] AndroidManifest.xml:31:13-33:52
260                android:name="androidx.emoji2.text.EmojiCompatInitializer"
260-->[androidx.emoji2:emoji2:1.0.0] AndroidManifest.xml:32:17-75
261                android:value="androidx.startup" />
261-->[androidx.emoji2:emoji2:1.0.0] AndroidManifest.xml:33:17-49
262            <meta-data
262-->[androidx.lifecycle:lifecycle-process:2.4.0] AndroidManifest.xml:31:13-33:52
263                android:name="androidx.lifecycle.ProcessLifecycleInitializer"
263-->[androidx.lifecycle:lifecycle-process:2.4.0] AndroidManifest.xml:32:17-78
264                android:value="androidx.startup" />
264-->[androidx.lifecycle:lifecycle-process:2.4.0] AndroidManifest.xml:33:17-49
265        </provider>
266    </application>
267
268</manifest>